This is pdfTeX, Version 3.141592653-2.6-1.40.25 (TeX Live 2023) (preloaded format=pdflatex 2023.4.19)  20 APR 2023 19:19
entering extended mode
 restricted \write18 enabled.
 %&-line parsing enabled.
**\message{\meaning\centerline}

*\message{\expandafter\meaning\csname centerline \endcsname}
\long macro:#1->\@@line {\hss #1\hss }
*
! Emergency stop.
<*> 
    
End of file on the terminal!

 
Here is how much of TeX's memory you used:
 13 strings out of 477977
 351 string characters out of 5838721
 1849666 words of memory out of 5000000
 20324 multiletter control sequences out of 15000+600000
 512287 words of font info for 32 fonts, out of 8000000 for 9000
 14 hyphenation exceptions out of 8191
 12i,0n,12p,73b,10s stack positions out of 10000i,1000n,20000p,200000b,200000s
!  ==> Fatal error occurred, no output PDF file produced!
