This is pdfTeX, Version 3.141592653-2.6-1.40.24 (TeX Live 2022) (preloaded format=pdftex 2022.10.23)  18 FEB 2023 19:36
entering extended mode
 restricted \write18 enabled.
 %&-line parsing enabled.
**\show\predisplayskip

*\show\abovedisplayskip
> \abovedisplayskip=\abovedisplayskip.
<*> \show\abovedisplayskip
                          
? 

*\showthe\abovedisplayskip
> 12.0pt plus 3.0pt minus 9.0pt.
<*> \showthe\abovedisplayskip
                             
? 

*\showthe\belowdisplayskip
> 12.0pt plus 3.0pt minus 9.0pt.
<*> \showthe\belowdisplayskip
                             
? 

*\showthe\abovedisplayshortskip
> 0.0pt plus 3.0pt.
<*> \showthe\abovedisplayshortskip
                                  
? 

*
! Emergency stop.
<*> 
    
End of file on the terminal!

!  ==> Fatal error occurred, no output PDF file produced!
