This is pdfTeX, Version 3.141592653-2.6-1.40.25 (TeX Live 2023) (preloaded format=pdftex 2023.9.5)  5 FEB 2024 21:59
entering extended mode
 restricted \write18 enabled.
 %&-line parsing enabled.
**programming-languages.tex
(./programming-languages.tex (/home/ari/texmf/tex/pdfToolbox.tex
(/home/ari/texmf/tex/pdfToolbox-utils.tex
\_ptbcountA=\count27
\_ptbcountB=\count28
\_ptbcountC=\count29
\_ptbboxA=\box16
\_ptbboxB=\box17
\_ptbdimenA=\dimen16
\_ptbdimenB=\dimen17
\_PTBwrite=\write0
\_PTBread=\read1
)
This is pdfToolbox, version 0.0.1(September 20, 2023)
(/home/ari/texmf/tex/pdfData.tex (/home/ari/texmf/tex/pdfToolbox-utils.tex)
(/home/ari/texmf/tex/pdfData/arrays.tex
(/home/ari/texmf/tex/pdfToolbox-utils.tex)
(/home/ari/texmf/tex/pdfData/stack.tex
(/home/ari/texmf/tex/pdfToolbox-utils.tex))
\_arr_cnt=\count30
\_arr_cntB=\count31
)
(/home/ari/texmf/tex/pdfData/counters.tex
(/home/ari/texmf/tex/pdfData/arrays.tex
(/home/ari/texmf/tex/pdfToolbox-utils.tex)))
(/home/ari/texmf/tex/pdfData/dictionaries.tex
(/home/ari/texmf/tex/pdfData/arrays.tex
(/home/ari/texmf/tex/pdfToolbox-utils.tex)))
(/home/ari/texmf/tex/pdfData/key-value.tex
(/home/ari/texmf/tex/pdfToolbox-utils.tex))
(/home/ari/texmf/tex/pdfData/mergesort.tex
(/home/ari/texmf/tex/pdfData/arrays.tex
(/home/ari/texmf/tex/pdfToolbox-utils.tex)))
(/home/ari/texmf/tex/pdfData/stack.tex
(/home/ari/texmf/tex/pdfToolbox-utils.tex)))
(/home/ari/texmf/tex/pdfGraphics.tex (/home/ari/texmf/tex/pdfToolbox-utils.tex)
(/home/ari/texmf/tex/pdfGraphics/colors.tex
(/home/ari/texmf/tex/pdfToolbox-utils.tex)
\_colorbox=\box18
)
(/home/ari/texmf/tex/pdfGraphics/colorboxes.tex
(/home/ari/texmf/tex/pdfToolbox-utils.tex)
(/home/ari/texmf/tex/pdfGraphics/colors.tex
(/home/ari/texmf/tex/pdfToolbox-utils.tex))
\_contentbox=\box19
\_splitbox=\box20
)
(/home/ari/texmf/tex/pdfGraphics/pdfdraw.tex
(/home/ari/texmf/tex/pdfToolbox-utils.tex)
(/home/ari/texmf/tex/pdfData/stack.tex
(/home/ari/texmf/tex/pdfToolbox-utils.tex))
(/usr/local/texlive/2023/texmf-dist/tex/generic/apnum/apnum.tex
The Arbitrary Precision Numbers, 1.7 <Apr 2018>
\apnumA=\count32
\apnumB=\count33
\apnumC=\count34
\apnumD=\count35
\apnumE=\count36
\apnumF=\count37
\apnumG=\count38
\apnumH=\count39
\apnumO=\count40
\apnumP=\count41
\apnumL=\count42
\apnumX=\count43
\apnumY=\count44
\apnumZ=\count45
\apSIGNa=\count46
\apSIGNb=\count47
\apEa=\count48
\apEb=\count49
\apSIGN=\count50
\apE=\count51
\apTOT=\count52
\apFRAC=\count53
\apEX=\count54
)
(/home/ari/texmf/tex/pdfData/key-value.tex
(/home/ari/texmf/tex/pdfToolbox-utils.tex))
(/home/ari/texmf/tex/pdfGraphics/colors.tex
(/home/ari/texmf/tex/pdfToolbox-utils.tex))
\_pdfdraw_width=\dimen18
\_pdfdraw_negwidth=\dimen19
\_pdfdraw_height=\dimen20
\_pdfdraw_depth=\dimen21
\_pdfdrawbox=\box21
))
(/home/ari/texmf/tex/pdfDstruct.tex (/home/ari/texmf/tex/pdfToolbox-utils.tex)
(/home/ari/texmf/tex/pdfDstruct/fonts.tex
(/home/ari/texmf/tex/pdfToolbox-utils.tex) (/home/ari/texmf/tex/pdfData.tex
(/home/ari/texmf/tex/pdfToolbox-utils.tex)))
(/home/ari/texmf/tex/pdfDstruct/hooks.tex
(/home/ari/texmf/tex/pdfToolbox-utils.tex)
(/home/ari/texmf/tex/pdfData/arrays.tex
(/home/ari/texmf/tex/pdfToolbox-utils.tex)))
(/home/ari/texmf/tex/pdfDstruct/layout.tex
(/home/ari/texmf/tex/pdfToolbox-utils.tex)
(/home/ari/texmf/tex/pdfData/key-value.tex
(/home/ari/texmf/tex/pdfToolbox-utils.tex)))
(/home/ari/texmf/tex/pdfDstruct/tableofcontents.tex
(/home/ari/texmf/tex/pdfToolbox-utils.tex) (/home/ari/texmf/tex/hyperlinks.tex
(/home/ari/texmf/tex/pdfToolbox-utils.tex)) (/home/ari/texmf/tex/pdfData.tex
(/home/ari/texmf/tex/pdfToolbox-utils.tex))
(/home/ari/texmf/tex/pdfDstruct/fonts.tex
(/home/ari/texmf/tex/pdfToolbox-utils.tex) (/home/ari/texmf/tex/pdfData.tex
(/home/ari/texmf/tex/pdfToolbox-utils.tex)))
(/home/ari/texmf/tex/pdfDstruct/hooks.tex
(/home/ari/texmf/tex/pdfToolbox-utils.tex))
\_tocwrite=\write1
\_tocread=\read2
\count@section=\count55
\count@subsection=\count56
)
(/home/ari/texmf/tex/pdfDstruct/index.tex (/home/ari/texmf/tex/pdfData.tex
(/home/ari/texmf/tex/pdfToolbox-utils.tex)) (/home/ari/texmf/tex/hyperlinks.tex
(/home/ari/texmf/tex/pdfToolbox-utils.tex))
(/home/ari/texmf/tex/pdfDstruct/tableofcontents.tex
(/home/ari/texmf/tex/pdfToolbox-utils.tex))
\indexcnt=\count57
\firstcol=\box22
\ohsize=\dimen22
)))
(/home/ari/texmf/tex/syntax-hi.tex (/home/ari/texmf/tex/pdfGraphics.tex
(/home/ari/texmf/tex/pdfToolbox-utils.tex)) (/home/ari/texmf/tex/pdfData.tex
(/home/ari/texmf/tex/pdfToolbox-utils.tex))
\_tokcount=\count58
\_currtoken=\toks13
\_currprinttoken=\toks14
\_hibox=\box23
\_outputbox=\box24
\_outputline=\count59
) (./preamble.tex
\@len=\count60
\temp@in=\read3
\temp@out=\write2
\c@toks=\toks15
\b@xit=\box25
\dem@b@xbandwidth=\dimen23
\dem@b@xbandheight=\dimen24
\dem@b@x=\box26
\demobox@dimens=\box27
\red@diff=\count61
\green@diff=\count62
\blue@diff=\count63
\@red=\count64
\@green=\count65
\@blue=\count66
\math@dimen@result=\dimen25
\math@dimen@input=\dimen26
\gpsize=\dimen27
\boxdrawheight=\dimen28
\boxdrawwidth=\dimen29
\drawbox=\box28
\draw@x=\count67
\draw@y=\count68
\draw@regA=\count69
\draw@regB=\count70
\enumcount=\count71

(/usr/local/texlive/2023/texmf-dist/tex/generic/pdfmsym/pdfmsym.tex
\suum@L=\box29
\suum@C=\box30
\suum@R=\box31
\prood@L=\box32
\prood@C=\box33
\prood@R=\box34
)
\count@math counter=\count72
\count@eqcount=\count73
\mlcount=\count74
)
(./programming-languages.toc)
\openout1 = `programming-languages.toc'.

 (./programming-languages.data)
Underfull \hbox (badness 10000) has occurred while \output is active
[][]

\hbox(8.5+0.0)x483.69687
.\vbox(8.5+0.0)x0.0
.\pdfliteral page{q .996264 0 0 .996264 0 0 cm .5 1 .5 rg 0 .4 0 RG 5 w 0 0 597
.50787 8\ETC.}

[1{/usr/local/texlive/2023/texmf-var/fonts/map/pdftex/updmap/pdftex.map}]
(./semantics-of-expressions.tex [1]
Underfull \vbox (badness 10000) detected at line 117

\vbox(15.41089+0.0)x460.69687
.\hbox(6.94444+0.0)x460.69687, glue set 392.30139fil
..\pdfcolorstack 0 push {.8 .1 .1 rg .8 .1 .1 RG}
..\@@ 1
..\@@ .
..\@@ 5
..\glue 3.83331 plus 1.91666 minus 1.27777
..etc.
.\pdfcolorstack 0 pop
.\rule(0.0+0.0)x*

[2] [3]) [4] (./untyped-lambda-calculus.tex [5] [6] [7] [8]) [9]
(./simply-typed-lambda-calculus.tex [10] [11])
\openout0 = `programming-languages.data'.

 [12] )</usr/local/texlive/2023/texmf-dist/fonts/type1/public/amsfonts/cm/cmbx1
0.pfb></usr/local/texlive/2023/texmf-dist/fonts/type1/public/amsfonts/cm/cmcsc1
0.pfb></usr/local/texlive/2023/texmf-dist/fonts/type1/public/amsfonts/cm/cmex10
.pfb></usr/local/texlive/2023/texmf-dist/fonts/type1/public/amsfonts/cm/cmmi10.
pfb></usr/local/texlive/2023/texmf-dist/fonts/type1/public/amsfonts/cm/cmr10.pf
b></usr/local/texlive/2023/texmf-dist/fonts/type1/public/amsfonts/cm/cmsl10.pfb
></usr/local/texlive/2023/texmf-dist/fonts/type1/public/amsfonts/cm/cmss10.pfb>
</usr/local/texlive/2023/texmf-dist/fonts/type1/public/amsfonts/cm/cmsy10.pfb><
/usr/local/texlive/2023/texmf-dist/fonts/type1/public/amsfonts/cm/cmti10.pfb></
usr/local/texlive/2023/texmf-dist/fonts/type1/public/amsfonts/cm/cmtt10.pfb></u
sr/local/texlive/2023/texmf-dist/fonts/type1/public/amsfonts/symbols/msam10.pfb
></usr/local/texlive/2023/texmf-dist/fonts/type1/public/amsfonts/symbols/msbm10
.pfb>
Output written on programming-languages.pdf (13 pages, 192396 bytes).
PDF statistics:
 134 PDF objects out of 1000 (max. 8388607)
 78 compressed objects within 1 object stream
 3 named destinations out of 1000 (max. 500000)
 169 words of extra memory for PDF output out of 10000 (max. 10000000)

