This is pdfTeX, Version 3.141592653-2.6-1.40.25 (TeX Live 2023) (preloaded format=pdftex 2023.9.5)  6 FEB 2024 00:52
entering extended mode
 restricted \write18 enabled.
 %&-line parsing enabled.
**galois-theory.tex
(./galois-theory.tex (/home/ari/texmf/tex/pdfToolbox.tex
(/home/ari/texmf/tex/pdfToolbox-utils.tex
\_ptbcountA=\count27
\_ptbcountB=\count28
\_ptbcountC=\count29
\_ptbboxA=\box16
\_ptbboxB=\box17
\_ptbdimenA=\dimen16
\_ptbdimenB=\dimen17
\_PTBwrite=\write0
\_PTBread=\read1
)
This is pdfToolbox, version 0.0.1(September 20, 2023)
(/home/ari/texmf/tex/pdfData.tex (/home/ari/texmf/tex/pdfToolbox-utils.tex)
(/home/ari/texmf/tex/pdfData/arrays.tex
(/home/ari/texmf/tex/pdfToolbox-utils.tex)
(/home/ari/texmf/tex/pdfData/stack.tex
(/home/ari/texmf/tex/pdfToolbox-utils.tex))
\_arr_cnt=\count30
\_arr_cntB=\count31
)
(/home/ari/texmf/tex/pdfData/counters.tex
(/home/ari/texmf/tex/pdfData/arrays.tex
(/home/ari/texmf/tex/pdfToolbox-utils.tex)))
(/home/ari/texmf/tex/pdfData/dictionaries.tex
(/home/ari/texmf/tex/pdfData/arrays.tex
(/home/ari/texmf/tex/pdfToolbox-utils.tex)))
(/home/ari/texmf/tex/pdfData/key-value.tex
(/home/ari/texmf/tex/pdfToolbox-utils.tex))
(/home/ari/texmf/tex/pdfData/mergesort.tex
(/home/ari/texmf/tex/pdfData/arrays.tex
(/home/ari/texmf/tex/pdfToolbox-utils.tex)))
(/home/ari/texmf/tex/pdfData/stack.tex
(/home/ari/texmf/tex/pdfToolbox-utils.tex)))
(/home/ari/texmf/tex/pdfGraphics.tex (/home/ari/texmf/tex/pdfToolbox-utils.tex)
(/home/ari/texmf/tex/pdfGraphics/colors.tex
(/home/ari/texmf/tex/pdfToolbox-utils.tex)
\_colorbox=\box18
)
(/home/ari/texmf/tex/pdfGraphics/colorboxes.tex
(/home/ari/texmf/tex/pdfToolbox-utils.tex)
(/home/ari/texmf/tex/pdfGraphics/colors.tex
(/home/ari/texmf/tex/pdfToolbox-utils.tex))
\_contentbox=\box19
\_splitbox=\box20
)
(/home/ari/texmf/tex/pdfGraphics/pdfdraw.tex
(/home/ari/texmf/tex/pdfToolbox-utils.tex)
(/home/ari/texmf/tex/pdfData/stack.tex
(/home/ari/texmf/tex/pdfToolbox-utils.tex))
(/usr/local/texlive/2023/texmf-dist/tex/generic/apnum/apnum.tex
The Arbitrary Precision Numbers, 1.7 <Apr 2018>
\apnumA=\count32
\apnumB=\count33
\apnumC=\count34
\apnumD=\count35
\apnumE=\count36
\apnumF=\count37
\apnumG=\count38
\apnumH=\count39
\apnumO=\count40
\apnumP=\count41
\apnumL=\count42
\apnumX=\count43
\apnumY=\count44
\apnumZ=\count45
\apSIGNa=\count46
\apSIGNb=\count47
\apEa=\count48
\apEb=\count49
\apSIGN=\count50
\apE=\count51
\apTOT=\count52
\apFRAC=\count53
\apEX=\count54
)
(/home/ari/texmf/tex/pdfData/key-value.tex
(/home/ari/texmf/tex/pdfToolbox-utils.tex))
(/home/ari/texmf/tex/pdfGraphics/colors.tex
(/home/ari/texmf/tex/pdfToolbox-utils.tex))
\_pdfdraw_width=\dimen18
\_pdfdraw_negwidth=\dimen19
\_pdfdraw_height=\dimen20
\_pdfdraw_depth=\dimen21
\_pdfdrawbox=\box21
))
(/home/ari/texmf/tex/pdfDstruct.tex (/home/ari/texmf/tex/pdfToolbox-utils.tex)
(/home/ari/texmf/tex/pdfDstruct/fonts.tex
(/home/ari/texmf/tex/pdfToolbox-utils.tex) (/home/ari/texmf/tex/pdfData.tex
(/home/ari/texmf/tex/pdfToolbox-utils.tex)))
(/home/ari/texmf/tex/pdfDstruct/hooks.tex
(/home/ari/texmf/tex/pdfToolbox-utils.tex)
(/home/ari/texmf/tex/pdfData/arrays.tex
(/home/ari/texmf/tex/pdfToolbox-utils.tex)))
(/home/ari/texmf/tex/pdfDstruct/layout.tex
(/home/ari/texmf/tex/pdfToolbox-utils.tex)
(/home/ari/texmf/tex/pdfData/key-value.tex
(/home/ari/texmf/tex/pdfToolbox-utils.tex)))
(/home/ari/texmf/tex/pdfDstruct/tableofcontents.tex
(/home/ari/texmf/tex/pdfToolbox-utils.tex) (/home/ari/texmf/tex/hyperlinks.tex
(/home/ari/texmf/tex/pdfToolbox-utils.tex)) (/home/ari/texmf/tex/pdfData.tex
(/home/ari/texmf/tex/pdfToolbox-utils.tex))
(/home/ari/texmf/tex/pdfDstruct/fonts.tex
(/home/ari/texmf/tex/pdfToolbox-utils.tex) (/home/ari/texmf/tex/pdfData.tex
(/home/ari/texmf/tex/pdfToolbox-utils.tex)))
(/home/ari/texmf/tex/pdfDstruct/hooks.tex
(/home/ari/texmf/tex/pdfToolbox-utils.tex))
\_tocwrite=\write1
\_tocread=\read2
\count@section=\count55
\count@subsection=\count56
)
(/home/ari/texmf/tex/pdfDstruct/index.tex (/home/ari/texmf/tex/pdfData.tex
(/home/ari/texmf/tex/pdfToolbox-utils.tex)) (/home/ari/texmf/tex/hyperlinks.tex
(/home/ari/texmf/tex/pdfToolbox-utils.tex))
(/home/ari/texmf/tex/pdfDstruct/tableofcontents.tex
(/home/ari/texmf/tex/pdfToolbox-utils.tex))
\indexcnt=\count57
\firstcol=\box22
\ohsize=\dimen22
))) (./preamble.tex
\@len=\count58
\temp@in=\read3
\temp@out=\write2
\c@toks=\toks13
\b@xit=\box23
\dem@b@xbandwidth=\dimen23
\dem@b@xbandheight=\dimen24
\dem@b@x=\box24
\demobox@dimens=\box25
\red@diff=\count59
\green@diff=\count60
\blue@diff=\count61
\@red=\count62
\@green=\count63
\@blue=\count64
\math@dimen@result=\dimen25
\math@dimen@input=\dimen26
\gpsize=\dimen27
\boxdrawheight=\dimen28
\boxdrawwidth=\dimen29
\drawbox=\box26
\draw@x=\count65
\draw@y=\count66
\draw@regA=\count67
\draw@regB=\count68
\enumcount=\count69

(/usr/local/texlive/2023/texmf-dist/tex/generic/pdfmsym/pdfmsym.tex
\suum@L=\box27
\suum@C=\box28
\suum@R=\box29
\prood@L=\box30
\prood@C=\box31
\prood@R=\box32
)
\count@math counter=\count70
\count@eqcount=\count71
)
(./galois-theory.toc)
\openout1 = `galois-theory.toc'.

 (./galois-theory.data)
Underfull \hbox (badness 10000) has occurred while \output is active
[][]

\hbox(8.5+0.0)x483.69687
.\vbox(8.5+0.0)x0.0
.\pdfliteral page{q .996264 0 0 .996264 0 0 cm 1 .5 1 rg .6 .2 .2 RG 5 w 0 0 59
7.50787 \ETC.}

[1{/usr/local/texlive/2023/texmf-var/fonts/map/pdftex/updmap/pdftex.map}]
[1]
Underfull \vbox (badness 10000) detected at line 174

\vbox(13.79124+0.0)x460.69687
.\hbox(6.94444+1.94444)x460.69687, glue set 374.88344fil
..\pdfcolorstack 0 push {.6 .1 .6 rg .6 .1 .6 RG}
..\@@ 1
..\@@ .
..\@@ 0
..\@@ .
..etc.
.\pdfcolorstack 0 pop
.\rule(0.0+0.0)x*

[2]
Underfull \vbox (badness 10000) detected at line 237

\vbox(19.504+0.0)x460.69687
.\hbox(6.86111+0.0)x460.69687, glue set 436.20393fil
..\@@ N
..\@@ o
..\@@ t
..\@@ e
..\glue 0.0 plus 1.0fil

[3] [4]
Underfull \vbox (badness 10000) detected at line 351

\vbox(34.99141+0.0)x460.69687
.\hbox(6.94444+1.94444)x460.69687, glue set 383.8223fil
..\pdfcolorstack 0 push {.1 .65 .1 rg .1 .65 .1 RG}
..\@@ 1
..\@@ .
..\@@ 0
..\@@ .
..etc.
.\pdfcolorstack 0 pop
.\rule(0.0+0.0)x*

[5] [6] [7]
\openout0 = `galois-theory.data'.

 [8] )</usr/local/texlive/2023/texmf-dist/fonts/type1/public/amsfonts/cm/cmbx10
.pfb></usr/local/texlive/2023/texmf-dist/fonts/type1/public/amsfonts/cm/cmex10.
pfb></usr/local/texlive/2023/texmf-dist/fonts/type1/public/amsfonts/cm/cmmi10.p
fb></usr/local/texlive/2023/texmf-dist/fonts/type1/public/amsfonts/cm/cmr10.pfb
></usr/local/texlive/2023/texmf-dist/fonts/type1/public/amsfonts/cm/cmsy10.pfb>
</usr/local/texlive/2023/texmf-dist/fonts/type1/public/amsfonts/cm/cmti10.pfb><
/usr/local/texlive/2023/texmf-dist/fonts/type1/public/amsfonts/cm/cmtt10.pfb></
usr/local/texlive/2023/texmf-dist/fonts/type1/public/amsfonts/symbols/msam10.pf
b></usr/local/texlive/2023/texmf-dist/fonts/type1/public/amsfonts/symbols/msbm1
0.pfb>
Output written on galois-theory.pdf (9 pages, 156902 bytes).
PDF statistics:
 103 PDF objects out of 1000 (max. 8388607)
 54 compressed objects within 1 object stream
 1 named destinations out of 1000 (max. 500000)
 169 words of extra memory for PDF output out of 10000 (max. 10000000)

