This is pdfTeX, Version 3.141592653-2.6-1.40.25 (TeX Live 2023) (preloaded format=pdftex 2023.9.5)  12 SEP 2023 18:06
entering extended mode
 restricted \write18 enabled.
 %&-line parsing enabled.
**pdfGraphics-doc.tex
(/home/ari/texmf/tex/pdfGraphics-doc.tex (/home/ari/texmf/tex/pdfGraphics.tex
(/home/ari/texmf/tex/pdfToolbox-utils.tex)
(/home/ari/texmf/tex/pdfGraphics/colors.tex
(/home/ari/texmf/tex/pdfToolbox-utils.tex)
\_colorbox=\box16
) (/home/ari/texmf/tex/pdfGraphics/colorboxes.tex
(/home/ari/texmf/tex/pdfToolbox-utils.tex)
(/home/ari/texmf/tex/pdfGraphics/colors.tex
(/home/ari/texmf/tex/pdfToolbox-utils.tex))
\_contentbox=\box17
\_splitbox=\box18
))
\c@section=\count27
\c@subsection=\count28
[1{/usr/local/texlive/2023/texmf-var/fonts/map/pdftex/updmap/pdftex.map}] )</us
r/local/texlive/2023/texmf-dist/fonts/type1/public/amsfonts/cm/cmcsc10.pfb></us
r/local/texlive/2023/texmf-dist/fonts/type1/public/amsfonts/cm/cmr10.pfb></usr/
local/texlive/2023/texmf-dist/fonts/type1/public/amsfonts/cm/cmr7.pfb></usr/loc
al/texlive/2023/texmf-dist/fonts/type1/public/amsfonts/cm/cmss10.pfb></usr/loca
l/texlive/2023/texmf-dist/fonts/type1/public/amsfonts/cm/cmti10.pfb></usr/local
/texlive/2023/texmf-dist/fonts/type1/public/amsfonts/cm/cmtt10.pfb>
Output written on pdfGraphics-doc.pdf (1 page, 64983 bytes).
PDF statistics:
 32 PDF objects out of 1000 (max. 8388607)
 22 compressed objects within 1 object stream
 0 named destinations out of 1000 (max. 500000)
 1 words of extra memory for PDF output out of 10000 (max. 10000000)

