This is pdfTeX, Version 3.141592653-2.6-1.40.25 (TeX Live 2023) (preloaded format=pdftex 2023.9.5)  11 DEC 2023 20:35
entering extended mode
 restricted \write18 enabled.
 %&-line parsing enabled.
**stochastic-processes.tex
(./stochastic-processes.tex (/home/ari/texmf/tex/pdfToolbox.tex
(/home/ari/texmf/tex/pdfToolbox-utils.tex
\_ptbcountA=\count27
\_ptbcountB=\count28
\_ptbcountC=\count29
\_ptbboxA=\box16
\_ptbboxB=\box17
\_ptbdimenA=\dimen16
\_ptbdimenB=\dimen17
\_PTBwrite=\write0
\_PTBread=\read1
)
This is pdfToolbox, version 0.0.1(September 20, 2023)
(/home/ari/texmf/tex/pdfData.tex (/home/ari/texmf/tex/pdfToolbox-utils.tex)
(/home/ari/texmf/tex/pdfData/arrays.tex
(/home/ari/texmf/tex/pdfToolbox-utils.tex)
(/home/ari/texmf/tex/pdfData/stack.tex
(/home/ari/texmf/tex/pdfToolbox-utils.tex))
\_arr_cnt=\count30
\_arr_cntB=\count31
)
(/home/ari/texmf/tex/pdfData/counters.tex
(/home/ari/texmf/tex/pdfData/arrays.tex
(/home/ari/texmf/tex/pdfToolbox-utils.tex)))
(/home/ari/texmf/tex/pdfData/dictionaries.tex
(/home/ari/texmf/tex/pdfData/arrays.tex
(/home/ari/texmf/tex/pdfToolbox-utils.tex)))
(/home/ari/texmf/tex/pdfData/key-value.tex
(/home/ari/texmf/tex/pdfToolbox-utils.tex))
(/home/ari/texmf/tex/pdfData/mergesort.tex
(/home/ari/texmf/tex/pdfData/arrays.tex
(/home/ari/texmf/tex/pdfToolbox-utils.tex)))
(/home/ari/texmf/tex/pdfData/stack.tex
(/home/ari/texmf/tex/pdfToolbox-utils.tex)))
(/home/ari/texmf/tex/pdfGraphics.tex (/home/ari/texmf/tex/pdfToolbox-utils.tex)
(/home/ari/texmf/tex/pdfGraphics/colors.tex
(/home/ari/texmf/tex/pdfToolbox-utils.tex)
\_colorbox=\box18
)
(/home/ari/texmf/tex/pdfGraphics/colorboxes.tex
(/home/ari/texmf/tex/pdfToolbox-utils.tex)
(/home/ari/texmf/tex/pdfGraphics/colors.tex
(/home/ari/texmf/tex/pdfToolbox-utils.tex))
\_contentbox=\box19
\_splitbox=\box20
))
(/home/ari/texmf/tex/pdfDstruct.tex (/home/ari/texmf/tex/pdfToolbox-utils.tex)
(/home/ari/texmf/tex/pdfDstruct/fonts.tex
(/home/ari/texmf/tex/pdfToolbox-utils.tex) (/home/ari/texmf/tex/pdfData.tex
(/home/ari/texmf/tex/pdfToolbox-utils.tex)))
(/home/ari/texmf/tex/pdfDstruct/hooks.tex
(/home/ari/texmf/tex/pdfToolbox-utils.tex)
(/home/ari/texmf/tex/pdfData/arrays.tex
(/home/ari/texmf/tex/pdfToolbox-utils.tex)))
(/home/ari/texmf/tex/pdfDstruct/layout.tex
(/home/ari/texmf/tex/pdfToolbox-utils.tex)
(/home/ari/texmf/tex/pdfData/key-value.tex
(/home/ari/texmf/tex/pdfToolbox-utils.tex)))
(/home/ari/texmf/tex/pdfDstruct/tableofcontents.tex
(/home/ari/texmf/tex/pdfToolbox-utils.tex) (/home/ari/texmf/tex/hyperlinks.tex
(/home/ari/texmf/tex/pdfToolbox-utils.tex)) (/home/ari/texmf/tex/pdfData.tex
(/home/ari/texmf/tex/pdfToolbox-utils.tex))
(/home/ari/texmf/tex/pdfDstruct/fonts.tex
(/home/ari/texmf/tex/pdfToolbox-utils.tex) (/home/ari/texmf/tex/pdfData.tex
(/home/ari/texmf/tex/pdfToolbox-utils.tex)))
(/home/ari/texmf/tex/pdfDstruct/hooks.tex
(/home/ari/texmf/tex/pdfToolbox-utils.tex))
\_tocwrite=\write1
\_tocread=\read2
\count@section=\count32
\count@subsection=\count33
)
(/home/ari/texmf/tex/pdfDstruct/index.tex (/home/ari/texmf/tex/pdfData.tex
(/home/ari/texmf/tex/pdfToolbox-utils.tex)) (/home/ari/texmf/tex/hyperlinks.tex
(/home/ari/texmf/tex/pdfToolbox-utils.tex))
(/home/ari/texmf/tex/pdfDstruct/tableofcontents.tex
(/home/ari/texmf/tex/pdfToolbox-utils.tex))
\indexcnt=\count34
\firstcol=\box21
\ohsize=\dimen18
))) (./preamble.tex
\@len=\count35
\temp@in=\read3
\temp@out=\write2
\c@toks=\toks13
\b@xit=\box22
\dem@b@xbandwidth=\dimen19
\dem@b@xbandheight=\dimen20
\dem@b@x=\box23
\demobox@dimens=\box24
\red@diff=\count36
\green@diff=\count37
\blue@diff=\count38
\@red=\count39
\@green=\count40
\@blue=\count41
\math@dimen@result=\dimen21
\math@dimen@input=\dimen22
\gpsize=\dimen23
\boxdrawheight=\dimen24
\boxdrawwidth=\dimen25
\drawbox=\box25
\draw@x=\count42
\draw@y=\count43
\draw@regA=\count44
\draw@regB=\count45

(/usr/local/texlive/2023/texmf-dist/tex/generic/pdfmsym/pdfmsym.tex
\suum@L=\box26
\suum@C=\box27
\suum@R=\box28
\prood@L=\box29
\prood@C=\box30
\prood@R=\box31
)
\enumcount=\count46
\count@math counter=\count47
)
(./stochastic-processes.toc)
\openout1 = `stochastic-processes.toc'.

 (./stochastic-processes.data) [1{/usr/local/texlive/2023/texmf-var/fonts/map/p
dftex/updmap/pdftex.map}] [2] [1] [2] [3] [4]
[5] [6] [7]
Underfull \vbox (badness 10000) has occurred while \output is active
\vbox(759.6886+0.0)x512.14963
.\glue(\topskip) 10.0
.\vbox(0.0+0.0)x512.14963, glue set - 338.69685fil
..\vbox(338.69685+0.0)x512.14963
...\hbox(327.19685+11.5)x512.14963 []
..\glue 0.0 plus 1.0fil minus 1.0fil
.\kern 338.69685
.\penalty 0
.\glue 0.0
.etc.

 [8]
[9] [10] [11] [12]
Underfull \vbox (badness 10000) detected at line 794

\vbox(48.06447+1.94444)x489.14963, glue set 5.80779
.\hbox(6.94444+1.94444)x489.14963, glue set 403.3362fil
..\pdfcolorstack 0 push {.6 .1 .6 rg .6 .1 .6 RG}
..\@@ 2
..\@@ .
..\@@ 3
..\@@ .
..etc.
.\pdfcolorstack 0 pop
.\rule(0.0+0.0)x*
.\glue 6.0 plus 2.0 minus 2.0
.\glue(\parskip) 3.0 plus 2.0 minus 2.0
.etc.

[13] [14] [15] [16] [17] [18] [19] [20] [21] [22] [23] [24] [25]
Underfull \vbox (badness 10000) detected at line 1486

\vbox(16.57216+0.0)x489.14963
.\hbox(7.5+2.5)x489.14963, glue set 215.62053fil
..\pdfcolorstack 0 push {.6 .1 .6 rg .6 .1 .6 RG}
..\@@ 3
..\@@ .
..\@@ 1
..\@@ .
..etc.
.\pdfcolorstack 0 pop
.\rule(0.0+0.0)x*

[26]
Underfull \vbox (badness 10000) detected at line 1532

\vbox(47.87585+2.5)x489.14963, glue set 5.71481
.\hbox(6.94444+0.0)x489.14963, glue set 410.9278fil
..\pdfcolorstack 0 push {.1 .1 .8 rg .1 .1 .8 RG}
..\@@ 3
..\@@ .
..\@@ 1
..\@@ .
..etc.
.\pdfcolorstack 0 pop
.\rule(0.0+0.0)x*
.\glue 6.0 plus 2.0 minus 2.0
.\glue(\parskip) 3.0 plus 2.0 minus 2.0
.etc.

[27] [28] [29] [30] [31] [32] [33]
\openout0 = `stochastic-processes.data'.

 [34] )</usr/local/texlive/2023/texmf-dist/fonts/type1/public/amsfonts/cm/cmbx1
0.pfb></usr/local/texlive/2023/texmf-dist/fonts/type1/public/amsfonts/cm/cmbx12
.pfb></usr/local/texlive/2023/texmf-dist/fonts/type1/public/amsfonts/cm/cmex10.
pfb></usr/local/texlive/2023/texmf-dist/fonts/type1/public/amsfonts/cm/cmmi10.p
fb></usr/local/texlive/2023/texmf-dist/fonts/type1/public/amsfonts/cm/cmr10.pfb
></usr/local/texlive/2023/texmf-dist/fonts/type1/public/amsfonts/cm/cmsy10.pfb>
</usr/local/texlive/2023/texmf-dist/fonts/type1/public/amsfonts/cm/cmti10.pfb><
/usr/local/texlive/2023/texmf-dist/fonts/type1/public/amsfonts/cm/cmtt10.pfb></
usr/local/texlive/2023/texmf-dist/fonts/type1/public/amsfonts/symbols/msam10.pf
b></usr/local/texlive/2023/texmf-dist/fonts/type1/public/amsfonts/symbols/msbm1
0.pfb>
Output written on stochastic-processes.pdf (36 pages, 332817 bytes).
PDF statistics:
 302 PDF objects out of 1000 (max. 8388607)
 219 compressed objects within 3 object streams
 41 named destinations out of 1000 (max. 500000)
 193 words of extra memory for PDF output out of 10000 (max. 10000000)

