This is pdfTeX, Version 3.141592653-2.6-1.40.25 (TeX Live 2023) (preloaded format=pdftex 2023.9.5)  8 FEB 2024 19:07
entering extended mode
 restricted \write18 enabled.
 %&-line parsing enabled.
**modern-analysis.tex
(./modern-analysis.tex (/home/ari/texmf/tex/pdfToolbox.tex
(/home/ari/texmf/tex/pdfToolbox-utils.tex
\_ptbcountA=\count27
\_ptbcountB=\count28
\_ptbcountC=\count29
\_ptbboxA=\box16
\_ptbboxB=\box17
\_ptbdimenA=\dimen16
\_ptbdimenB=\dimen17
\_PTBwrite=\write0
\_PTBread=\read1
)
This is pdfToolbox, version 0.0.1(September 20, 2023)
(/home/ari/texmf/tex/pdfData.tex (/home/ari/texmf/tex/pdfToolbox-utils.tex)
(/home/ari/texmf/tex/pdfData/arrays.tex
(/home/ari/texmf/tex/pdfToolbox-utils.tex)
(/home/ari/texmf/tex/pdfData/stack.tex
(/home/ari/texmf/tex/pdfToolbox-utils.tex))
\_arr_cnt=\count30
\_arr_cntB=\count31
)
(/home/ari/texmf/tex/pdfData/counters.tex
(/home/ari/texmf/tex/pdfData/arrays.tex
(/home/ari/texmf/tex/pdfToolbox-utils.tex)))
(/home/ari/texmf/tex/pdfData/dictionaries.tex
(/home/ari/texmf/tex/pdfData/arrays.tex
(/home/ari/texmf/tex/pdfToolbox-utils.tex)))
(/home/ari/texmf/tex/pdfData/key-value.tex
(/home/ari/texmf/tex/pdfToolbox-utils.tex))
(/home/ari/texmf/tex/pdfData/mergesort.tex
(/home/ari/texmf/tex/pdfData/arrays.tex
(/home/ari/texmf/tex/pdfToolbox-utils.tex)))
(/home/ari/texmf/tex/pdfData/stack.tex
(/home/ari/texmf/tex/pdfToolbox-utils.tex)))
(/home/ari/texmf/tex/pdfGraphics.tex (/home/ari/texmf/tex/pdfToolbox-utils.tex)
(/home/ari/texmf/tex/pdfGraphics/colors.tex
(/home/ari/texmf/tex/pdfToolbox-utils.tex)
\_colorbox=\box18
)
(/home/ari/texmf/tex/pdfGraphics/colorboxes.tex
(/home/ari/texmf/tex/pdfToolbox-utils.tex)
(/home/ari/texmf/tex/pdfGraphics/colors.tex
(/home/ari/texmf/tex/pdfToolbox-utils.tex))
\_contentbox=\box19
\_splitbox=\box20
)
(/home/ari/texmf/tex/pdfGraphics/pdfdraw.tex
(/home/ari/texmf/tex/pdfToolbox-utils.tex)
(/home/ari/texmf/tex/pdfData/stack.tex
(/home/ari/texmf/tex/pdfToolbox-utils.tex))
(/usr/local/texlive/2023/texmf-dist/tex/generic/apnum/apnum.tex
The Arbitrary Precision Numbers, 1.7 <Apr 2018>
\apnumA=\count32
\apnumB=\count33
\apnumC=\count34
\apnumD=\count35
\apnumE=\count36
\apnumF=\count37
\apnumG=\count38
\apnumH=\count39
\apnumO=\count40
\apnumP=\count41
\apnumL=\count42
\apnumX=\count43
\apnumY=\count44
\apnumZ=\count45
\apSIGNa=\count46
\apSIGNb=\count47
\apEa=\count48
\apEb=\count49
\apSIGN=\count50
\apE=\count51
\apTOT=\count52
\apFRAC=\count53
\apEX=\count54
)
(/home/ari/texmf/tex/pdfData/key-value.tex
(/home/ari/texmf/tex/pdfToolbox-utils.tex))
(/home/ari/texmf/tex/pdfGraphics/colors.tex
(/home/ari/texmf/tex/pdfToolbox-utils.tex))
\_pdfdraw_width=\dimen18
\_pdfdraw_negwidth=\dimen19
\_pdfdraw_height=\dimen20
\_pdfdraw_depth=\dimen21
\_pdfdrawbox=\box21
))
(/home/ari/texmf/tex/pdfDstruct.tex (/home/ari/texmf/tex/pdfToolbox-utils.tex)
(/home/ari/texmf/tex/pdfDstruct/fonts.tex
(/home/ari/texmf/tex/pdfToolbox-utils.tex) (/home/ari/texmf/tex/pdfData.tex
(/home/ari/texmf/tex/pdfToolbox-utils.tex)))
(/home/ari/texmf/tex/pdfDstruct/hooks.tex
(/home/ari/texmf/tex/pdfToolbox-utils.tex)
(/home/ari/texmf/tex/pdfData/arrays.tex
(/home/ari/texmf/tex/pdfToolbox-utils.tex)))
(/home/ari/texmf/tex/pdfDstruct/layout.tex
(/home/ari/texmf/tex/pdfToolbox-utils.tex)
(/home/ari/texmf/tex/pdfData/key-value.tex
(/home/ari/texmf/tex/pdfToolbox-utils.tex)))
(/home/ari/texmf/tex/pdfDstruct/tableofcontents.tex
(/home/ari/texmf/tex/pdfToolbox-utils.tex) (/home/ari/texmf/tex/hyperlinks.tex
(/home/ari/texmf/tex/pdfToolbox-utils.tex)) (/home/ari/texmf/tex/pdfData.tex
(/home/ari/texmf/tex/pdfToolbox-utils.tex))
(/home/ari/texmf/tex/pdfDstruct/fonts.tex
(/home/ari/texmf/tex/pdfToolbox-utils.tex) (/home/ari/texmf/tex/pdfData.tex
(/home/ari/texmf/tex/pdfToolbox-utils.tex)))
(/home/ari/texmf/tex/pdfDstruct/hooks.tex
(/home/ari/texmf/tex/pdfToolbox-utils.tex))
\_tocwrite=\write1
\_tocread=\read2
\count@section=\count55
\count@subsection=\count56
)
(/home/ari/texmf/tex/pdfDstruct/index.tex (/home/ari/texmf/tex/pdfData.tex
(/home/ari/texmf/tex/pdfToolbox-utils.tex)) (/home/ari/texmf/tex/hyperlinks.tex
(/home/ari/texmf/tex/pdfToolbox-utils.tex))
(/home/ari/texmf/tex/pdfDstruct/tableofcontents.tex
(/home/ari/texmf/tex/pdfToolbox-utils.tex))
\indexcnt=\count57
\firstcol=\box22
\ohsize=\dimen22
))) (./preamble.tex
\@len=\count58
\temp@in=\read3
\temp@out=\write2
\c@toks=\toks13
\b@xit=\box23
\dem@b@xbandwidth=\dimen23
\dem@b@xbandheight=\dimen24
\dem@b@x=\box24
\demobox@dimens=\box25
\red@diff=\count59
\green@diff=\count60
\blue@diff=\count61
\@red=\count62
\@green=\count63
\@blue=\count64
\math@dimen@result=\dimen25
\math@dimen@input=\dimen26
\gpsize=\dimen27
\boxdrawheight=\dimen28
\boxdrawwidth=\dimen29
\drawbox=\box26
\draw@x=\count65
\draw@y=\count66
\draw@regA=\count67
\draw@regB=\count68
\enumcount=\count69

(/usr/local/texlive/2023/texmf-dist/tex/generic/pdfmsym/pdfmsym.tex
\suum@L=\box27
\suum@C=\box28
\suum@R=\box29
\prood@L=\box30
\prood@C=\box31
\prood@R=\box32
)
\count@math counter=\count70
\count@eqcount=\count71
)
(./modern-analysis.toc)
\openout1 = `modern-analysis.toc'.

 (./modern-analysis.data)
Underfull \hbox (badness 10000) has occurred while \output is active
[][]

\hbox(8.5+0.0)x483.69687
.\vbox(8.5+0.0)x0.0
.\pdfliteral page{q .996264 0 0 .996264 0 0 cm .5 1 .5 rg 0 .4 0 RG 5 w 0 0 597
.50787 8\ETC.}

[1{/usr/local/texlive/2023/texmf-var/fonts/map/pdftex/updmap/pdftex.map}]
[1] [2] [3] [4] [5] [6] [7] [8] [9] [10] [11] [12] [13] [14]
\openout0 = `modern-analysis.data'.

 [15] )</usr/local/texlive/2023/texmf-dist/fonts/type1/public/amsfonts/cm/cmbx1
0.pfb></usr/local/texlive/2023/texmf-dist/fonts/type1/public/amsfonts/cm/cmbx12
.pfb></usr/local/texlive/2023/texmf-dist/fonts/type1/public/amsfonts/cm/cmex10.
pfb></usr/local/texlive/2023/texmf-dist/fonts/type1/public/amsfonts/cm/cmmi10.p
fb></usr/local/texlive/2023/texmf-dist/fonts/type1/public/amsfonts/cm/cmr10.pfb
></usr/local/texlive/2023/texmf-dist/fonts/type1/public/amsfonts/cm/cmr7.pfb></
usr/local/texlive/2023/texmf-dist/fonts/type1/public/amsfonts/cm/cmsy10.pfb></u
sr/local/texlive/2023/texmf-dist/fonts/type1/public/amsfonts/cm/cmti10.pfb></us
r/local/texlive/2023/texmf-dist/fonts/type1/public/amsfonts/cm/cmtt10.pfb></usr
/local/texlive/2023/texmf-dist/fonts/type1/public/amsfonts/symbols/msam10.pfb><
/usr/local/texlive/2023/texmf-dist/fonts/type1/public/amsfonts/symbols/msbm10.p
fb>
Output written on modern-analysis.pdf (16 pages, 210705 bytes).
PDF statistics:
 175 PDF objects out of 1000 (max. 8388607)
 112 compressed objects within 2 object streams
 14 named destinations out of 1000 (max. 500000)
 193 words of extra memory for PDF output out of 10000 (max. 10000000)

