This is pdfTeX, Version 3.141592653-2.6-1.40.25 (TeX Live 2023) (preloaded format=pdftex 2023.9.5)  12 NOV 2023 01:00
entering extended mode
 restricted \write18 enabled.
 %&-line parsing enabled.
**homework3.tex
(./homework3.tex (/home/ari/texmf/tex/pdfToolbox.tex
(/home/ari/texmf/tex/pdfToolbox-utils.tex
\_ptbcountA=\count27
\_ptbcountB=\count28
\_ptbcountC=\count29
\_ptbboxA=\box16
\_ptbboxB=\box17
\_ptbdimenA=\dimen16
\_ptbdimenB=\dimen17
\_PTBwrite=\write0
\_PTBread=\read1
)
This is pdfToolbox, version 0.0.1(September 20, 2023)
(/home/ari/texmf/tex/pdfData.tex (/home/ari/texmf/tex/pdfToolbox-utils.tex)
(/home/ari/texmf/tex/pdfData/arrays.tex
(/home/ari/texmf/tex/pdfToolbox-utils.tex)
(/home/ari/texmf/tex/pdfData/stack.tex
(/home/ari/texmf/tex/pdfToolbox-utils.tex))
\_arr_cnt=\count30
\_arr_cntB=\count31
)
(/home/ari/texmf/tex/pdfData/counters.tex
(/home/ari/texmf/tex/pdfData/arrays.tex
(/home/ari/texmf/tex/pdfToolbox-utils.tex)))
(/home/ari/texmf/tex/pdfData/dictionaries.tex
(/home/ari/texmf/tex/pdfData/arrays.tex
(/home/ari/texmf/tex/pdfToolbox-utils.tex)))
(/home/ari/texmf/tex/pdfData/key-value.tex
(/home/ari/texmf/tex/pdfToolbox-utils.tex))
(/home/ari/texmf/tex/pdfData/mergesort.tex
(/home/ari/texmf/tex/pdfData/arrays.tex
(/home/ari/texmf/tex/pdfToolbox-utils.tex)))
(/home/ari/texmf/tex/pdfData/stack.tex
(/home/ari/texmf/tex/pdfToolbox-utils.tex)))
(/home/ari/texmf/tex/pdfGraphics.tex (/home/ari/texmf/tex/pdfToolbox-utils.tex)
(/home/ari/texmf/tex/pdfGraphics/colors.tex
(/home/ari/texmf/tex/pdfToolbox-utils.tex)
\_colorbox=\box18
)
(/home/ari/texmf/tex/pdfGraphics/colorboxes.tex
(/home/ari/texmf/tex/pdfToolbox-utils.tex)
(/home/ari/texmf/tex/pdfGraphics/colors.tex
(/home/ari/texmf/tex/pdfToolbox-utils.tex))
\_contentbox=\box19
\_splitbox=\box20
))
(/home/ari/texmf/tex/pdfDstruct.tex (/home/ari/texmf/tex/pdfToolbox-utils.tex)
(/home/ari/texmf/tex/pdfDstruct/fonts.tex
(/home/ari/texmf/tex/pdfToolbox-utils.tex) (/home/ari/texmf/tex/pdfData.tex
(/home/ari/texmf/tex/pdfToolbox-utils.tex)))
(/home/ari/texmf/tex/pdfDstruct/hooks.tex
(/home/ari/texmf/tex/pdfToolbox-utils.tex)
(/home/ari/texmf/tex/pdfData/arrays.tex
(/home/ari/texmf/tex/pdfToolbox-utils.tex)))
(/home/ari/texmf/tex/pdfDstruct/layout.tex
(/home/ari/texmf/tex/pdfToolbox-utils.tex)
(/home/ari/texmf/tex/pdfData/key-value.tex
(/home/ari/texmf/tex/pdfToolbox-utils.tex)))
(/home/ari/texmf/tex/pdfDstruct/tableofcontents.tex
(/home/ari/texmf/tex/pdfToolbox-utils.tex) (/home/ari/texmf/tex/hyperlinks.tex
(/home/ari/texmf/tex/pdfToolbox-utils.tex)) (/home/ari/texmf/tex/pdfData.tex
(/home/ari/texmf/tex/pdfToolbox-utils.tex))
(/home/ari/texmf/tex/pdfDstruct/fonts.tex
(/home/ari/texmf/tex/pdfToolbox-utils.tex) (/home/ari/texmf/tex/pdfData.tex
(/home/ari/texmf/tex/pdfToolbox-utils.tex)))
(/home/ari/texmf/tex/pdfDstruct/hooks.tex
(/home/ari/texmf/tex/pdfToolbox-utils.tex))
\_tocwrite=\write1
\_tocread=\read2
\count@section=\count32
\count@subsection=\count33
)
(/home/ari/texmf/tex/pdfDstruct/index.tex (/home/ari/texmf/tex/pdfData.tex
(/home/ari/texmf/tex/pdfToolbox-utils.tex)) (/home/ari/texmf/tex/hyperlinks.tex
(/home/ari/texmf/tex/pdfToolbox-utils.tex))
(/home/ari/texmf/tex/pdfDstruct/tableofcontents.tex
(/home/ari/texmf/tex/pdfToolbox-utils.tex))
\indexcnt=\count34
\firstcol=\box21
\ohsize=\dimen18
)))
(/usr/local/texlive/2023/texmf-dist/tex/generic/pdfmsym/pdfmsym.tex
\suum@L=\box22
\suum@C=\box23
\suum@R=\box24
\prood@L=\box25
\prood@C=\box26
\prood@R=\box27
)
(./preamble.tex
\@len=\count35
\temp@in=\read3
\temp@out=\write2
\c@toks=\toks13
\b@xit=\box28
\dem@b@xbandwidth=\dimen19
\dem@b@xbandheight=\dimen20
\dem@b@x=\box29
\demobox@dimens=\box30
\red@diff=\count36
\green@diff=\count37
\blue@diff=\count38
\@red=\count39
\@green=\count40
\@blue=\count41
\math@dimen@result=\dimen21
\math@dimen@input=\dimen22
\gpsize=\dimen23
\boxdrawheight=\dimen24
\boxdrawwidth=\dimen25
\drawbox=\box31
\draw@x=\count42
\draw@y=\count43
\draw@regA=\count44
\draw@regB=\count45
\enumcount=\count46
\count@math counter=\count47
) [1{/usr/local/texlive/2023/texmf-var/fonts/map/pdftex/updmap/pdftex.map}]
\openout0 = `homework3.data'.

 [2] )</usr/local/texlive/2023/texmf-dist/fonts/type1/public/amsfonts/cm/cmbx10
.pfb></usr/local/texlive/2023/texmf-dist/fonts/type1/public/amsfonts/cm/cmex10.
pfb></usr/local/texlive/2023/texmf-dist/fonts/type1/public/amsfonts/cm/cmmi10.p
fb></usr/local/texlive/2023/texmf-dist/fonts/type1/public/amsfonts/cm/cmr10.pfb
></usr/local/texlive/2023/texmf-dist/fonts/type1/public/amsfonts/cm/cmsy10.pfb>
</usr/local/texlive/2023/texmf-dist/fonts/type1/public/amsfonts/cm/cmti10.pfb><
/usr/local/texlive/2023/texmf-dist/fonts/type1/public/amsfonts/symbols/msbm10.p
fb>
Output written on homework3.pdf (2 pages, 90085 bytes).
PDF statistics:
 67 PDF objects out of 1000 (max. 8388607)
 27 compressed objects within 1 object stream
 0 named destinations out of 1000 (max. 500000)
 169 words of extra memory for PDF output out of 10000 (max. 10000000)

