This is pdfTeX, Version 3.141592653-2.6-1.40.24 (TeX Live 2022) (preloaded format=pdftex 2022.10.23)  19 MAR 2023 17:25
entering extended mode
 restricted \write18 enabled.
 %&-line parsing enabled.
**/home/ari/TeX/pdfmsym/pdfmsym-doc.tex
(/home/ari/TeX/pdfmsym/pdfmsym-doc.tex
(/usr/local/texlive/2022/texmf-dist/tex/generic/pdfmsym/pdfmsym.tex
\suum@L=\box16
\suum@C=\box17
\suum@R=\box18
\prood@L=\box19
\prood@C=\box20
\prood@R=\box21
)
\c@section=\count27
\c@subsection=\count28
 [1{/usr/local/texlive/2022/texmf-var/fonts/map/pdftex/updmap/pdftex.map}] [2] 
[3]
[4] [5] [6] [7] [8]
! Undefined control sequence.
<argument> A\varLeftRightarrow 
                               B
\showcasearrow ...displaystyle & $\displaystyle #2
                                                  $ & $\displaystyle #3$ & $...
l.279 ...rrow B}{A\xvarLeftRightarrow{ABC}[abc] B}
                                                  
? 
! Emergency stop.
<argument> A\varLeftRightarrow 
                               B
\showcasearrow ...displaystyle & $\displaystyle #2
                                                  $ & $\displaystyle #3$ & $...
l.279 ...rrow B}{A\xvarLeftRightarrow{ABC}[abc] B}
                                                  
End of file on the terminal!

!  ==> Fatal error occurred, no output PDF file produced!
