This is pdfTeX, Version 3.141592653-2.6-1.40.25 (TeX Live 2023) (preloaded format=pdftex 2023.9.5)  6 FEB 2024 11:31
entering extended mode
 restricted \write18 enabled.
 %&-line parsing enabled.
**mathematical-logic.tex
(./mathematical-logic.tex (/home/ari/texmf/tex/pdfToolbox.tex
(/home/ari/texmf/tex/pdfToolbox-utils.tex
\_ptbcountA=\count27
\_ptbcountB=\count28
\_ptbcountC=\count29
\_ptbboxA=\box16
\_ptbboxB=\box17
\_ptbdimenA=\dimen16
\_ptbdimenB=\dimen17
\_PTBwrite=\write0
\_PTBread=\read1
)
This is pdfToolbox, version 0.0.1(September 20, 2023)
(/home/ari/texmf/tex/pdfData.tex (/home/ari/texmf/tex/pdfToolbox-utils.tex)
(/home/ari/texmf/tex/pdfData/arrays.tex
(/home/ari/texmf/tex/pdfToolbox-utils.tex)
(/home/ari/texmf/tex/pdfData/stack.tex
(/home/ari/texmf/tex/pdfToolbox-utils.tex))
\_arr_cnt=\count30
\_arr_cntB=\count31
)
(/home/ari/texmf/tex/pdfData/counters.tex
(/home/ari/texmf/tex/pdfData/arrays.tex
(/home/ari/texmf/tex/pdfToolbox-utils.tex)))
(/home/ari/texmf/tex/pdfData/dictionaries.tex
(/home/ari/texmf/tex/pdfData/arrays.tex
(/home/ari/texmf/tex/pdfToolbox-utils.tex)))
(/home/ari/texmf/tex/pdfData/key-value.tex
(/home/ari/texmf/tex/pdfToolbox-utils.tex))
(/home/ari/texmf/tex/pdfData/mergesort.tex
(/home/ari/texmf/tex/pdfData/arrays.tex
(/home/ari/texmf/tex/pdfToolbox-utils.tex)))
(/home/ari/texmf/tex/pdfData/stack.tex
(/home/ari/texmf/tex/pdfToolbox-utils.tex)))
(/home/ari/texmf/tex/pdfGraphics.tex (/home/ari/texmf/tex/pdfToolbox-utils.tex)
(/home/ari/texmf/tex/pdfGraphics/colors.tex
(/home/ari/texmf/tex/pdfToolbox-utils.tex)
\_colorbox=\box18
)
(/home/ari/texmf/tex/pdfGraphics/colorboxes.tex
(/home/ari/texmf/tex/pdfToolbox-utils.tex)
(/home/ari/texmf/tex/pdfGraphics/colors.tex
(/home/ari/texmf/tex/pdfToolbox-utils.tex))
\_contentbox=\box19
\_splitbox=\box20
)
(/home/ari/texmf/tex/pdfGraphics/pdfdraw.tex
(/home/ari/texmf/tex/pdfToolbox-utils.tex)
(/home/ari/texmf/tex/pdfData/stack.tex
(/home/ari/texmf/tex/pdfToolbox-utils.tex))
(/usr/local/texlive/2023/texmf-dist/tex/generic/apnum/apnum.tex
The Arbitrary Precision Numbers, 1.7 <Apr 2018>
\apnumA=\count32
\apnumB=\count33
\apnumC=\count34
\apnumD=\count35
\apnumE=\count36
\apnumF=\count37
\apnumG=\count38
\apnumH=\count39
\apnumO=\count40
\apnumP=\count41
\apnumL=\count42
\apnumX=\count43
\apnumY=\count44
\apnumZ=\count45
\apSIGNa=\count46
\apSIGNb=\count47
\apEa=\count48
\apEb=\count49
\apSIGN=\count50
\apE=\count51
\apTOT=\count52
\apFRAC=\count53
\apEX=\count54
)
(/home/ari/texmf/tex/pdfData/key-value.tex
(/home/ari/texmf/tex/pdfToolbox-utils.tex))
(/home/ari/texmf/tex/pdfGraphics/colors.tex
(/home/ari/texmf/tex/pdfToolbox-utils.tex))
\_pdfdraw_width=\dimen18
\_pdfdraw_negwidth=\dimen19
\_pdfdraw_height=\dimen20
\_pdfdraw_depth=\dimen21
\_pdfdrawbox=\box21
))
(/home/ari/texmf/tex/pdfDstruct.tex (/home/ari/texmf/tex/pdfToolbox-utils.tex)
(/home/ari/texmf/tex/pdfDstruct/fonts.tex
(/home/ari/texmf/tex/pdfToolbox-utils.tex) (/home/ari/texmf/tex/pdfData.tex
(/home/ari/texmf/tex/pdfToolbox-utils.tex)))
(/home/ari/texmf/tex/pdfDstruct/hooks.tex
(/home/ari/texmf/tex/pdfToolbox-utils.tex)
(/home/ari/texmf/tex/pdfData/arrays.tex
(/home/ari/texmf/tex/pdfToolbox-utils.tex)))
(/home/ari/texmf/tex/pdfDstruct/layout.tex
(/home/ari/texmf/tex/pdfToolbox-utils.tex)
(/home/ari/texmf/tex/pdfData/key-value.tex
(/home/ari/texmf/tex/pdfToolbox-utils.tex)))
(/home/ari/texmf/tex/pdfDstruct/tableofcontents.tex
(/home/ari/texmf/tex/pdfToolbox-utils.tex) (/home/ari/texmf/tex/hyperlinks.tex
(/home/ari/texmf/tex/pdfToolbox-utils.tex)) (/home/ari/texmf/tex/pdfData.tex
(/home/ari/texmf/tex/pdfToolbox-utils.tex))
(/home/ari/texmf/tex/pdfDstruct/fonts.tex
(/home/ari/texmf/tex/pdfToolbox-utils.tex) (/home/ari/texmf/tex/pdfData.tex
(/home/ari/texmf/tex/pdfToolbox-utils.tex)))
(/home/ari/texmf/tex/pdfDstruct/hooks.tex
(/home/ari/texmf/tex/pdfToolbox-utils.tex))
\_tocwrite=\write1
\_tocread=\read2
\count@section=\count55
\count@subsection=\count56
)
(/home/ari/texmf/tex/pdfDstruct/index.tex (/home/ari/texmf/tex/pdfData.tex
(/home/ari/texmf/tex/pdfToolbox-utils.tex)) (/home/ari/texmf/tex/hyperlinks.tex
(/home/ari/texmf/tex/pdfToolbox-utils.tex))
(/home/ari/texmf/tex/pdfDstruct/tableofcontents.tex
(/home/ari/texmf/tex/pdfToolbox-utils.tex))
\indexcnt=\count57
\firstcol=\box22
\ohsize=\dimen22
))) (./preamble.tex
\@len=\count58
\temp@in=\read3
\temp@out=\write2
\c@toks=\toks13
\b@xit=\box23
\dem@b@xbandwidth=\dimen23
\dem@b@xbandheight=\dimen24
\dem@b@x=\box24
\demobox@dimens=\box25
\red@diff=\count59
\green@diff=\count60
\blue@diff=\count61
\@red=\count62
\@green=\count63
\@blue=\count64
\math@dimen@result=\dimen25
\math@dimen@input=\dimen26
\gpsize=\dimen27
\boxdrawheight=\dimen28
\boxdrawwidth=\dimen29
\drawbox=\box26
\draw@x=\count65
\draw@y=\count66
\draw@regA=\count67
\draw@regB=\count68
\enumcount=\count69
)
(/usr/local/texlive/2023/texmf-dist/tex/generic/pdfmsym/pdfmsym.tex
\suum@L=\box27
\suum@C=\box28
\suum@R=\box29
\prood@L=\box30
\prood@C=\box31
\prood@R=\box32
)
\count@math counter=\count70
\mlcount=\count71

(./mathematical-logic.toc)
\openout1 = `mathematical-logic.toc'.

 (./mathematical-logic.data)
Underfull \hbox (badness 10000) has occurred while \output is active
[][]

\hbox(8.5+0.0)x483.69687
.\vbox(8.5+0.0)x0.0
.\pdfliteral page{q .996264 0 0 .996264 0 0 cm 1 1 .1 rg 1 .4 0 RG 5 w 0 0 597.
50787 84\ETC.}

[1{/usr/local/texlive/2023/texmf-var/fonts/map/pdftex/updmap/pdftex.map}]
Underfull \hbox (badness 10000) has occurred while \output is active
[][]

\hbox(8.5+0.0)x483.69687
.\vbox(8.5+0.0)x0.0
.\pdfliteral page{q .996264 0 0 .996264 0 0 cm 1 1 .1 rg 1 .4 0 RG 5 w 0 0 597.
50787 84\ETC.}

[2] (./propositional-logic/semantics.tex [1] [2] [3] [4] [5] [6] [7])
(./propositional-logic/gentzen-calculi.tex [8] [9.0.4] [10.0.4] [11.0.4]
[12.0.4]) (./propositional-logic/hilbert-calculi.tex [13.0.4]
Underfull \vbox (badness 10000) detected at line 81

\vbox(18.95807+0.0)x460.69687
.\hbox(6.86111+0.0)x460.69687, glue set 396.28056fil
..\pdfcolorstack 0 push {.8 .1 .8 rg .8 .1 .8 RG}
..\@@ 1
..\@@ .
..\@@ 3
..\@@ .
..etc.
.\pdfcolorstack 0 pop
.\rule(0.0+0.0)x*

[14.0.4] [15.0.4]) [16.0.4] (./first-order-logic/mathematical-structures.tex
[17.0.4] [18.0.4] [19.0.4] [20.0.4])
(./first-order-logic/syntax-of-first-order-languages.tex [21.0.4] [22.0.4]
[23.0.4] [24.0.4]) (./first-order-logic/semantics-of-first-order-languages.tex
[25.0.4] [26.0.4] [27.0.4]
Underfull \vbox (badness 5189) detected at line 245

\vbox(40.86908+1.94444)x460.69687, glue set 3.73116
.\hbox(7.5+2.5)x460.69687, glue set 245.62854fil
..\pdfcolorstack 0 push {.1 .1 .8 rg .1 .1 .8 RG}
..\@@ 2
..\@@ .
..\@@ 3
..\@@ .
..etc.
.\pdfcolorstack 0 pop
.\rule(0.0+0.0)x*
.\glue 6.0 plus 2.0 minus 2.0
.\glue(\parskip) 3.0 plus 2.0 minus 2.0
.etc.

[28.0.4] [29.0.4] [30.0.4] [31.0.4])
(./first-order-logic/general-validity-and-logical-equivalence.tex [32.0.4]
[33.0.4]
Underfull \vbox (badness 10000) detected at line 190

\vbox(18.18492+0.0)x460.69687
.\hbox(6.94444+0.0)x460.69687, glue set 418.95264fil
..\@@ E
..\@@ x
..\@@ e
..\@@ r
..\@@ c
..etc.
.\rule(0.0+0.0)x*

[34.0.4]) (./first-order-logic/logical-consequence-and-theories.tex [35.0.4]
[36.0.4] [37.0.4])
(./first-order-logic/explicit-definitions-language-expansions.tex [38.0.4]
Overfull \vbox (4.87611pt too high) detected at line 96

\vbox(2.06833+0.0)x460.69687
.\hbox(6.94444+0.0)x460.69687, glue set 383.357fil
..\pdfcolorstack 0 push {.8 .1 .1 rg .8 .1 .1 RG}
..\@@ 2
..\@@ .
..\@@ 6
..\@@ .
..etc.
.\pdfcolorstack 0 pop
.\rule(0.0+0.0)x*

[39.0.4]
Underfull \vbox (badness 10000) detected at line 170

\vbox(17.16066+0.0)x460.69687
.\hbox(6.94444+0.0)x460.69687, glue set 418.95264fil
..\@@ E
..\@@ x
..\@@ e
..\@@ r
..\@@ c
..etc.
.\rule(0.0+0.0)x*

[40.0.4]) [41.0.4]
(./complete-logical-calculi/a-calculus-of-natural-deduction.tex [42.0.4]
[43.0.4]) (./complete-logical-calculi/the-completeness-proof.tex [44.0.4]
[45.0.4] [46.0.4]) (./complete-logical-calculi/nonstandard-models.tex [47.0.4]
[48.0.4] [49.0.4] [50.0.4])
(./complete-logical-calculi/zfc-and-skolems-paradox.tex [51.0.4] [52.0.4]
[53.0.4]) (./complete-logical-calculi/enumerability-and-decidability.tex
[54.0.4]) (./complete-logical-calculi/complete-hilbert-calculi.tex [55.0.4]
[56.0.4] [57.0.4]) (./complete-logical-calculi/first-order-fragments.tex
[58.0.4]) [59.0.4]
(./foundations-of-logic-programming/term-models-and-herbrands-theorem.tex
[60.0.4] [61.0.4]) (./foundations-of-logic-programming/horn-formulas.tex
[62.0.4] [63.0.4]) [64.0.4]
(./elements-of-model-theory/elementary-extensions.tex [65.0.4] [66.0.4]
[67.0.4]) (./elements-of-model-theory/complete-and-categorical-theories.tex
[68.0.4] [69.0.4]
Overfull \vbox (6.30972pt too high) detected at line 155

\vbox(2.57916+0.0)x460.69687
.\hbox(6.94444+1.94444)x460.69687, glue set 383.8223fil
..\pdfcolorstack 0 push {.1 .65 .1 rg .1 .65 .1 RG}
..\@@ 5
..\@@ .
..\@@ 2
..\@@ .
..etc.
.\pdfcolorstack 0 pop
.\rule(0.0+0.0)x*

[70.0.4] [71.0.4]) (./elements-of-model-theory/ehrenfeucht-fraisse-games.tex
[72.0.4] [73.0.4])
(./elements-of-model-theory/embedding-and-characterization-theorems.tex
Underfull \vbox (badness 10000) detected at line 54

\vbox(13.65146+0.0)x460.69687
.\hbox(6.94444+0.0)x460.69687, glue set 388.225fil
..\pdfcolorstack 0 push {.1 .1 .8 rg .1 .1 .8 RG}
..\@@ 5
..\@@ .
..\@@ 4
..\@@ .
..etc.
.\pdfcolorstack 0 pop
.\rule(0.0+0.0)x*

[74.0.4] [75.0.4] [76.0.4] [77.0.4])
(./elements-of-model-theory/model-completeness.tex [78.0.4] [79.0.4] [80.0.4]
[81.0.4] [82.0.4]) (./elements-of-model-theory/quantifier-elimination.tex
[83.0.4] [84.0.4] [85.0.4])
(./elements-of-model-theory/reduced-products-and-ultraproducts.tex [86.0.4]
[87.0.4]
Underfull \vbox (badness 10000) detected at line 218

\vbox(13.07733+0.0)x460.69687
.\hbox(6.94444+0.0)x460.69687, glue set 388.225fil
..\pdfcolorstack 0 push {.1 .1 .8 rg .1 .1 .8 RG}
..\@@ 5
..\@@ .
..\@@ 7
..\@@ .
..etc.
.\pdfcolorstack 0 pop
.\rule(0.0+0.0)x*

[88.0.4]) [89.0.4]
(./incompleteness-and-undecidability/recursive-and-primitive-recursive-function
s.tex [90.0.4] [91.0.4] [92.0.4] [93.0.4])
(./incompleteness-and-undecidability/arithmetization.tex [94.0.4] [95.0.4])
[96.0.4] [97.0.4]
Underfull \vbox (badness 10000) has occurred while \output is active
\vbox(731.23584+1.94444)x483.69687
.\glue(\topskip) 3.05556
.\hbox(6.94444+0.0)x483.69687, glue set 424.53008fil
..\glue(\leftskip) 14.22636
..\hbox(0.0+0.0)x0.0
..\kern -14.22636
..\@@ F
..\kern-0.83334
..etc.
.\glue(\parskip) 0.0
.\glue(\baselineskip) 5.05556
.\hbox(6.94444+0.0)x483.69687, glue set 421.30376fil
..\glue(\leftskip) 28.45273
..\hbox(0.0+0.0)x0.0
..\kern -14.22636
..\@@ C
..\@@ l
..etc.
.etc.

 [98.0.4]
[99.0.4]
\openout0 = `mathematical-logic.data'.

 )</usr/local/texlive/2023/texmf-dist/fonts/type1/public/amsfonts/cm/cmbx10.pfb
></usr/local/texlive/2023/texmf-dist/fonts/type1/public/amsfonts/cm/cmbx12.pfb>
</usr/local/texlive/2023/texmf-dist/fonts/type1/public/amsfonts/cm/cmex10.pfb><
/usr/local/texlive/2023/texmf-dist/fonts/type1/public/amsfonts/cm/cmmi10.pfb></
usr/local/texlive/2023/texmf-dist/fonts/type1/public/amsfonts/cm/cmmi12.pfb></u
sr/local/texlive/2023/texmf-dist/fonts/type1/public/amsfonts/cm/cmr10.pfb></usr
/local/texlive/2023/texmf-dist/fonts/type1/public/amsfonts/cm/cmsl10.pfb></usr/
local/texlive/2023/texmf-dist/fonts/type1/public/amsfonts/cm/cmss10.pfb></usr/l
ocal/texlive/2023/texmf-dist/fonts/type1/public/amsfonts/cm/cmss12.pfb></usr/lo
cal/texlive/2023/texmf-dist/fonts/type1/public/amsfonts/cm/cmsy10.pfb></usr/loc
al/texlive/2023/texmf-dist/fonts/type1/public/amsfonts/cm/cmti10.pfb></usr/loca
l/texlive/2023/texmf-dist/fonts/type1/public/amsfonts/cm/cmtt10.pfb></usr/local
/texlive/2023/texmf-dist/fonts/type1/public/amsfonts/euler/eufm10.pfb></usr/loc
al/texlive/2023/texmf-dist/fonts/type1/public/amsfonts/symbols/msam10.pfb></usr
/local/texlive/2023/texmf-dist/fonts/type1/public/amsfonts/symbols/msbm10.pfb>
Output written on mathematical-logic.pdf (101 pages, 826802 bytes).
PDF statistics:
 1370 PDF objects out of 1440 (max. 8388607)
 1211 compressed objects within 13 object streams
 457 named destinations out of 1000 (max. 500000)
 169 words of extra memory for PDF output out of 10000 (max. 10000000)

