\BOOKMARK [1][-]{section.1}{\376\377\000C\000o\000n\000i\000c\000\040\000s\000e\000c\000t\000i\000o\000n\000s}{}% 1
\BOOKMARK [1][-]{section.2}{\376\377\000C\000u\000r\000v\000e\000s}{}% 2
\BOOKMARK [2][-]{subsection.2.1}{\376\377\000I\000s\000o\000m\000e\000t\000r\000i\000e\000s}{section.2}% 3
\BOOKMARK [3][-]{section*.2}{\376\377\000C\000a\000r\000t\000a\000n\000-\000D\000i\000e\000u\000d\000o\000n\000n\000e\000\040\000T\000h\000e\000o\000r\000e\000m}{subsection.2.1}% 4
\BOOKMARK [2][-]{subsection.2.2}{\376\377\000C\000u\000r\000v\000e\000s\000\040\000a\000n\000d\000\040\000R\000e\000p\000a\000r\000a\000m\000e\000t\000e\000r\000i\000z\000a\000t\000i\000o\000n}{section.2}% 5
\BOOKMARK [2][-]{subsection.2.3}{\376\377\000C\000u\000r\000v\000a\000t\000u\000r\000e}{section.2}% 6
\BOOKMARK [3][-]{section*.3}{\376\377\000T\000h\000e\000\040\000F\000u\000n\000d\000a\000m\000e\000n\000t\000a\000l\000\040\000T\000h\000e\000o\000r\000e\000m\000\040\000o\000f\000\040\000C\000u\000r\000v\000e\000s}{subsection.2.3}% 7
\BOOKMARK [2][-]{subsection.2.4}{\376\377\000T\000o\000t\000a\000l\000\040\000C\000u\000r\000v\000a\000t\000u\000r\000e}{section.2}% 8
\BOOKMARK [3][-]{section*.4}{\376\377\000H\000o\000p\000f\000'\000s\000\040\000T\000h\000e\000o\000r\000e\000m}{subsection.2.4}% 9
\BOOKMARK [2][-]{subsection.2.5}{\376\377\000T\000h\000r\000e\000e\000\040\000D\000i\000m\000e\000n\000s\000i\000o\000n\000a\000l\000\040\000C\000u\000r\000v\000e\000s}{section.2}% 10
\BOOKMARK [3][-]{section*.5}{\376\377\000T\000h\000e\000\040\000F\000u\000n\000d\000a\000m\000e\000n\000t\000a\000l\000\040\000T\000h\000e\000o\000r\000e\000m\000\040\000o\000f\000\040\000C\000u\000r\000v\000e\000s}{subsection.2.5}% 11
\BOOKMARK [1][-]{section.3}{\376\377\000S\000u\000r\000f\000a\000c\000e\000s}{}% 12
\BOOKMARK [2][-]{subsection.3.1}{\376\377\000S\000u\000r\000f\000a\000c\000e\000s}{section.3}% 13
\BOOKMARK [3][-]{section*.6}{\376\377\000E\000u\000l\000e\000r\000'\000s\000\040\000T\000h\000e\000o\000r\000e\000m}{subsection.3.1}% 14
\BOOKMARK [2][-]{subsection.3.2}{\376\377\000G\000e\000o\000d\000e\000s\000i\000c\000s}{section.3}% 15
\BOOKMARK [3][-]{section*.7}{\376\377\000G\000a\000u\000s\000s\000'\000s\000\040\000L\000e\000m\000m\000a}{subsection.3.2}% 16
\BOOKMARK [3][-]{section*.8}{\376\377\000T\000h\000e\000o\000r\000e\000m\000a\000\040\000E\000g\000r\000e\000g\000i\000u\000m}{subsection.3.2}% 17
\BOOKMARK [2][-]{subsection.3.3}{\376\377\000T\000a\000n\000g\000e\000n\000t\000\040\000V\000e\000c\000t\000o\000r\000\040\000F\000i\000e\000l\000d\000s}{section.3}% 18
\BOOKMARK [2][-]{subsection.3.4}{\376\377\000T\000h\000e\000\040\000G\000a\000u\000s\000s\000-\000B\000o\000n\000n\000e\000t\000\040\000T\000h\000e\000o\000r\000e\000m}{section.3}% 19
\BOOKMARK [3][-]{section*.9}{\376\377\000G\000a\000u\000s\000s\000-\000B\000o\000n\000n\000e\000t\000\040\000T\000h\000e\000o\000r\000e\000m}{subsection.3.4}% 20
\BOOKMARK [3][-]{section*.10}{\376\377\000T\000h\000e\000\040\000G\000l\000o\000b\000a\000l\000\040\000G\000a\000u\000s\000s\000-\000B\000o\000n\000n\000e\000t\000\040\000T\000h\000e\000o\000r\000e\000m}{subsection.3.4}% 21
\BOOKMARK [3][-]{section*.11}{\376\377\000G\000a\000u\000s\000s\000-\000B\000o\000n\000n\000e\000t\000\040\000f\000o\000r\000\040\000S\000i\000m\000p\000l\000y\000\040\000C\000o\000n\000n\000e\000c\000t\000e\000d\000\040\000D\000o\000m\000a\000i\000n\000s}{subsection.3.4}% 22
